<?xml version="1.0" encoding="UTF-8"?>
<testng-results ignored="0" total="1" passed="1" failed="0" skipped="0">
  <reporter-output>
  </reporter-output>
  <suite started-at="2022-05-31T12:28:01 IST" name="Suite" finished-at="2022-05-31T12:28:28 IST" duration-ms="27445">
    <groups>
    </groups>
    <test started-at="2022-05-31T12:28:01 IST" name="Test" finished-at="2022-05-31T12:28:28 IST" duration-ms="27445">
      <class name="IFrameHome">
        <test-method is-config="true" signature="init(java.lang.String,java.lang.String)[pri:0, instance:IFrameHome@51c668e3]" started-at="2022-05-31T12:28:01 IST" name="init" finished-at="2022-05-31T12:28:11 IST" duration-ms="10828" status="PASS">
          <params>
            <param index="0">
              <value>
                <![CDATA[chrome]]>
              </value>
            </param>
            <param index="1">
              <value>
                <![CDATA[http://demo.automationtesting.in/Frames.html]]>
              </value>
            </param>
          </params>
          <reporter-output>
          </reporter-output>
        </test-method> <!-- init -->
        <test-method signature="homePagevalidation()[pri:0, instance:IFrameHome@51c668e3]" started-at="2022-05-31T12:28:11 IST" name="homePagevalidation" finished-at="2022-05-31T12:28:27 IST" duration-ms="15668" status="PASS">
          <reporter-output>
          </reporter-output>
        </test-method> <!-- homePagevalidation -->
        <test-method is-config="true" signature="quit()[pri:0, instance:IFrameHome@51c668e3]" started-at="2022-05-31T12:28:27 IST" name="quit" finished-at="2022-05-31T12:28:28 IST" duration-ms="863" status="PASS">
          <reporter-output>
          </reporter-output>
        </test-method> <!-- quit -->
      </class> <!-- IFrameHome -->
    </test> <!-- Test -->
  </suite> <!-- Suite -->
</testng-results>
